Running: C:\Xilinx\14.7\ISE_DS\ISE\bin\nt\unwrapped\fuse.exe -intstyle ise -incremental -lib unisims_ver -lib unimacro_ver -lib xilinxcorelib_ver -lib secureip -o Z:/Memari_Project/MemariProject/Mux2FiveBitTest_isim_beh.exe -prj Z:/Memari_Project/MemariProject/Mux2FiveBitTest_beh.prj work.Mux2FiveBitTest work.glbl 
ISim P.20131013 (signature 0x8ef4fb42)
Number of CPUs detected in this system: 1
Turning on mult-threading, number of parallel sub-compilation jobs: 0 
Determining compilation order of HDL files
Analyzing Verilog file "Z:/Memari_Project/MemariProject/Mux2FiveBit.v" into library work
Analyzing Verilog file "Z:/Memari_Project/MemariProject/Mux2FiveBitTest.v" into library work
Analyzing Verilog file "C:/Xilinx/14.7/ISE_DS/ISE//verilog/src/glbl.v" into library work
Starting static elaboration
Completed static elaboration
Fuse Memory Usage: 77324 KB
Fuse CPU Usage: 240 ms
Compiling module Mux2FiveBit
Compiling module Mux2FiveBitTest
Compiling module glbl
Time Resolution for simulation is 1ps.
Compiled 3 Verilog Units
Built simulation executable Z:/Memari_Project/MemariProject/Mux2FiveBitTest_isim_beh.exe
Fuse Memory Usage: 80784 KB
Fuse CPU Usage: 260 ms
