ISim log file
Running: Z:\Memari_Project\MemariProject\DataPathTest_isim_beh.exe -intstyle ise -gui -tclbatch isim.cmd -wdb Z:/Memari_Project/MemariProject/DataPathTest_isim_beh.wdb 
ISim P.20131013 (signature 0x8ef4fb42)
This is a Full version of ISim.
WARNING: File "//VBoxSvr/SharedWithVM/Memari_Project/MemariProject/DataPath.v" Line 22.  For instance uut/pcBrachMux/, width 2 of formal port control is not equal to width 1 of actual signal pcSource.
Time resolution is 1 ps
# onerror resume
# wave add /
# run 1000 ns
Simulator is doing circuit initialization process.
Finished circuit initialization process.
Address is :
         x
Address is :
4294967295
Address is :
       128
Stopped at time : 450 ns :  in File "//VBoxSvr/SharedWithVM/Memari_Project/MemariProject/DataPathTest.v" Line 159 
ISim P.20131013 (signature 0x8ef4fb42)
This is a Full version of ISim.
WARNING: File "//VBoxSvr/SharedWithVM/Memari_Project/MemariProject/DataPath.v" Line 22.  For instance uut/pcBrachMux/, width 2 of formal port control is not equal to width 1 of actual signal pcSource.
# run 1000 ns
Simulator is doing circuit initialization process.
Finished circuit initialization process.
Address is :
         x
Address is :
4294967295
Address is :
       128
Stopped at time : 450 ns :  in File "//VBoxSvr/SharedWithVM/Memari_Project/MemariProject/DataPathTest.v" Line 159 
ISim P.20131013 (signature 0x8ef4fb42)
This is a Full version of ISim.
WARNING: File "//VBoxSvr/SharedWithVM/Memari_Project/MemariProject/DataPath.v" Line 22.  For instance uut/pcBrachMux/, width 2 of formal port control is not equal to width 1 of actual signal pcSource.
# run 1000 ns
Simulator is doing circuit initialization process.
Finished circuit initialization process.
Address is :
         x
Address is :
4294967295
Address is :
       128
Address is :
         0
Stopped at time : 450 ns :  in File "//VBoxSvr/SharedWithVM/Memari_Project/MemariProject/DataPathTest.v" Line 159 
ISim P.20131013 (signature 0x8ef4fb42)
This is a Full version of ISim.
WARNING: File "//VBoxSvr/SharedWithVM/Memari_Project/MemariProject/DataPath.v" Line 22.  For instance uut/pcBrachMux/, width 2 of formal port control is not equal to width 1 of actual signal pcSource.
# run 1000 ns
Simulator is doing circuit initialization process.
Finished circuit initialization process.
Address is :
         x
Address is :
4294967295
Address is :
       128
Address is :
         0
Stopped at time : 450 ns :  in File "//VBoxSvr/SharedWithVM/Memari_Project/MemariProject/DataPathTest.v" Line 166 
ISim P.20131013 (signature 0x8ef4fb42)
This is a Full version of ISim.
WARNING: File "//VBoxSvr/SharedWithVM/Memari_Project/MemariProject/DataPath.v" Line 22.  For instance uut/pcBrachMux/, width 2 of formal port control is not equal to width 1 of actual signal pcSource.
# run 1000 ns
Simulator is doing circuit initialization process.
Finished circuit initialization process.
Address is :
         x
Address is :
4294967295
Address is :
       128
Address is :
         0
Stopped at time : 450 ns :  in File "//VBoxSvr/SharedWithVM/Memari_Project/MemariProject/DataPathTest.v" Line 166 
ISim P.20131013 (signature 0x8ef4fb42)
This is a Full version of ISim.
WARNING: File "//VBoxSvr/SharedWithVM/Memari_Project/MemariProject/DataPath.v" Line 22.  For instance uut/pcBrachMux/, width 2 of formal port control is not equal to width 1 of actual signal pcSource.
# run 1000 ns
Simulator is doing circuit initialization process.
Finished circuit initialization process.
Address is :
         x
Address is :
4294967295
Address is :
       128
Address is :
         0
Stopped at time : 450 ns :  in File "//VBoxSvr/SharedWithVM/Memari_Project/MemariProject/DataPathTest.v" Line 166 
ISim P.20131013 (signature 0x8ef4fb42)
This is a Full version of ISim.
WARNING: File "//VBoxSvr/SharedWithVM/Memari_Project/MemariProject/DataPath.v" Line 22.  For instance uut/pcBrachMux/, width 2 of formal port control is not equal to width 1 of actual signal pcSource.
# run 1000 ns
Simulator is doing circuit initialization process.
Finished circuit initialization process.
Address is :
         x
Address is :
4294967295
Address is :
       128
Stopped at time : 450 ns :  in File "//VBoxSvr/SharedWithVM/Memari_Project/MemariProject/DataPathTest.v" Line 166 
