Release 14.7 - xst P.20131013 (nt)
Copyright (c) 1995-2013 Xilinx, Inc.  All rights reserved.
--> Parameter TMPDIR set to xst/projnav.tmp


Total REAL time to Xst completion: 1.00 secs
Total CPU time to Xst completion: 0.13 secs
 
--> Parameter xsthdpdir set to xst


Total REAL time to Xst completion: 1.00 secs
Total CPU time to Xst completion: 0.13 secs
 
--> Reading design: MultiCycleProccessor.prj

TABLE OF CONTENTS
  1) Synthesis Options Summary
  2) HDL Parsing
  3) HDL Elaboration
  4) HDL Synthesis
       4.1) HDL Synthesis Report
  5) Advanced HDL Synthesis
       5.1) Advanced HDL Synthesis Report
  6) Low Level Synthesis
  7) Partition Report
  8) Design Summary
       8.1) Primitive and Black Box Usage
       8.2) Device utilization summary
       8.3) Partition Resource Summary
       8.4) Timing Report
            8.4.1) Clock Information
            8.4.2) Asynchronous Control Signals Information
            8.4.3) Timing Summary
            8.4.4) Timing Details
            8.4.5) Cross Clock Domains Report


=========================================================================
*                      Synthesis Options Summary                        *
=========================================================================
---- Source Parameters
Input File Name                    : "MultiCycleProccessor.prj"
Ignore Synthesis Constraint File   : NO

---- Target Parameters
Output File Name                   : "MultiCycleProccessor"
Output Format                      : NGC
Target Device                      : xc7a100t-3-csg324

---- Source Options
Top Module Name                    : MultiCycleProccessor
Automatic FSM Extraction           : YES
FSM Encoding Algorithm             : Auto
Safe Implementation                : No
FSM Style                          : LUT
RAM Extraction                     : Yes
RAM Style                          : Auto
ROM Extraction                     : Yes
Shift Register Extraction          : YES
ROM Style                          : Auto
Resource Sharing                   : YES
Asynchronous To Synchronous        : NO
Shift Register Minimum Size        : 2
Use DSP Block                      : Auto
Automatic Register Balancing       : No

---- Target Options
LUT Combining                      : Auto
Reduce Control Sets                : Auto
Add IO Buffers                     : YES
Global Maximum Fanout              : 100000
Add Generic Clock Buffer(BUFG)     : 32
Register Duplication               : YES
Optimize Instantiated Primitives   : NO
Use Clock Enable                   : Auto
Use Synchronous Set                : Auto
Use Synchronous Reset              : Auto
Pack IO Registers into IOBs        : Auto
Equivalent register Removal        : YES

---- General Options
Optimization Goal                  : Speed
Optimization Effort                : 1
Power Reduction                    : NO
Keep Hierarchy                     : No
Netlist Hierarchy                  : As_Optimized
RTL Output                         : Yes
Global Optimization                : AllClockNets
Read Cores                         : YES
Write Timing Constraints           : NO
Cross Clock Analysis               : NO
Hierarchy Separator                : /
Bus Delimiter                      : <>
Case Specifier                     : Maintain
Slice Utilization Ratio            : 100
BRAM Utilization Ratio             : 100
DSP48 Utilization Ratio            : 100
Auto BRAM Packing                  : NO
Slice Utilization Ratio Delta      : 5

=========================================================================


=========================================================================
*                          HDL Parsing                                  *
=========================================================================
Analyzing Verilog file "\\vboxsvr\sharedwithvm\Memari_Project\MemariProject\SignExtend.v" into library work
Parsing module <SignExtend>.
Analyzing Verilog file "\\vboxsvr\sharedwithvm\Memari_Project\MemariProject\ShiftRegisterEnable.v" into library work
Parsing module <ShiftRegisterEnable>.
Analyzing Verilog file "\\vboxsvr\sharedwithvm\Memari_Project\MemariProject\ShiftRegister.v" into library work
Parsing module <ShiftRegister>.
Analyzing Verilog file "\\vboxsvr\sharedwithvm\Memari_Project\MemariProject\Shifter2.v" into library work
Parsing module <Shifter2>.
Analyzing Verilog file "\\vboxsvr\sharedwithvm\Memari_Project\MemariProject\Shifte2New.v" into library work
Parsing module <Shifte2New>.
Analyzing Verilog file "\\vboxsvr\sharedwithvm\Memari_Project\MemariProject\RegFile.v" into library work
Parsing module <RegFile>.
Analyzing Verilog file "\\vboxsvr\sharedwithvm\Memari_Project\MemariProject\Mux4Fivebit.v" into library work
Parsing module <Mux4Fivebit>.
Analyzing Verilog file "\\vboxsvr\sharedwithvm\Memari_Project\MemariProject\Mux4.v" into library work
Parsing module <Mux4>.
Analyzing Verilog file "\\vboxsvr\sharedwithvm\Memari_Project\MemariProject\Mux2.v" into library work
Parsing module <Mux2>.
Analyzing Verilog file "\\vboxsvr\sharedwithvm\Memari_Project\MemariProject\Memory.v" into library work
Parsing module <Memory>.
Analyzing Verilog file "\\vboxsvr\sharedwithvm\Memari_Project\MemariProject\ALU.v" into library work
Parsing module <ALU>.
Analyzing Verilog file "\\vboxsvr\sharedwithvm\Memari_Project\MemariProject\DataPath.v" into library work
Parsing module <DataPath>.
Analyzing Verilog file "\\vboxsvr\sharedwithvm\Memari_Project\MemariProject\Controller.v" into library work
Parsing module <Controller>.
Analyzing Verilog file "\\vboxsvr\sharedwithvm\Memari_Project\MemariProject\MultiCycleProccessor.v" into library work
Parsing module <MultiCycleProccessor>.

=========================================================================
*                            HDL Elaboration                            *
=========================================================================

Elaborating module <MultiCycleProccessor>.

Elaborating module <Controller>.
WARNING:HDLCompiler:91 - "\\vboxsvr\sharedwithvm\Memari_Project\MemariProject\Controller.v" Line 97: Signal <INT> missing in the sensitivity list is added for synthesis purposes. HDL and post-synthesis simulations may differ as a result.
WARNING:HDLCompiler:91 - "\\vboxsvr\sharedwithvm\Memari_Project\MemariProject\Controller.v" Line 98: Signal <NMI> missing in the sensitivity list is added for synthesis purposes. HDL and post-synthesis simulations may differ as a result.
WARNING:HDLCompiler:91 - "\\vboxsvr\sharedwithvm\Memari_Project\MemariProject\Controller.v" Line 102: Signal <INTD> missing in the sensitivity list is added for synthesis purposes. HDL and post-synthesis simulations may differ as a result.
WARNING:HDLCompiler:91 - "\\vboxsvr\sharedwithvm\Memari_Project\MemariProject\Controller.v" Line 264: Signal <funct> missing in the sensitivity list is added for synthesis purposes. HDL and post-synthesis simulations may differ as a result.
WARNING:HDLCompiler:91 - "\\vboxsvr\sharedwithvm\Memari_Project\MemariProject\Controller.v" Line 269: Signal <funct> missing in the sensitivity list is added for synthesis purposes. HDL and post-synthesis simulations may differ as a result.
WARNING:HDLCompiler:91 - "\\vboxsvr\sharedwithvm\Memari_Project\MemariProject\Controller.v" Line 376: Signal <funct> missing in the sensitivity list is added for synthesis purposes. HDL and post-synthesis simulations may differ as a result.

Elaborating module <DataPath>.
WARNING:HDLCompiler:872 - "\\vboxsvr\sharedwithvm\Memari_Project\MemariProject\DataPath.v" Line 49: Using initial value of thirtyOne since it is never assigned
WARNING:HDLCompiler:91 - "\\vboxsvr\sharedwithvm\Memari_Project\MemariProject\DataPath.v" Line 57: Signal <instr> missing in the sensitivity list is added for synthesis purposes. HDL and post-synthesis simulations may differ as a result.
WARNING:HDLCompiler:91 - "\\vboxsvr\sharedwithvm\Memari_Project\MemariProject\DataPath.v" Line 58: Signal <instr> missing in the sensitivity list is added for synthesis purposes. HDL and post-synthesis simulations may differ as a result.
WARNING:HDLCompiler:91 - "\\vboxsvr\sharedwithvm\Memari_Project\MemariProject\DataPath.v" Line 60: Signal <pcEnable> missing in the sensitivity list is added for synthesis purposes. HDL and post-synthesis simulations may differ as a result.
WARNING:HDLCompiler:91 - "\\vboxsvr\sharedwithvm\Memari_Project\MemariProject\DataPath.v" Line 62: Signal <pcIn> missing in the sensitivity list is added for synthesis purposes. HDL and post-synthesis simulations may differ as a result.

Elaborating module <Mux2>.

Elaborating module <Memory>.
"\\vboxsvr\sharedwithvm\Memari_Project\MemariProject\Memory.v" Line 40. $display Address is :
"\\vboxsvr\sharedwithvm\Memari_Project\MemariProject\Memory.v" Line 41. $display  $Address

Elaborating module <ShiftRegisterEnable>.

Elaborating module <ShiftRegister>.

Elaborating module <Mux4Fivebit>.

Elaborating module <Mux4>.

Elaborating module <SignExtend>.

Elaborating module <Shifter2>.

Elaborating module <RegFile>.
WARNING:HDLCompiler:189 - "\\vboxsvr\sharedwithvm\Memari_Project\MemariProject\DataPath.v" Line 94: Size mismatch in connection of port <wEnable>. Formal port size is 1-bit while actual signal size is 2-bit.
WARNING:HDLCompiler:189 - "\\vboxsvr\sharedwithvm\Memari_Project\MemariProject\DataPath.v" Line 99: Size mismatch in connection of port <control>. Formal port size is 1-bit while actual signal size is 2-bit.

Elaborating module <ALU>.

Elaborating module <Shifte2New>.
WARNING:HDLCompiler:189 - "\\vboxsvr\sharedwithvm\Memari_Project\MemariProject\MultiCycleProccessor.v" Line 40: Size mismatch in connection of port <aluSrcA>. Formal port size is 2-bit while actual signal size is 1-bit.

=========================================================================
*                           HDL Synthesis                               *
=========================================================================

Synthesizing Unit <MultiCycleProccessor>.
    Related source file is "\\vboxsvr\sharedwithvm\Memari_Project\MemariProject\MultiCycleProccessor.v".
    Summary:
	no macro.
Unit <MultiCycleProccessor> synthesized.

Synthesizing Unit <Controller>.
    Related source file is "\\vboxsvr\sharedwithvm\Memari_Project\MemariProject\Controller.v".
        fetch = 0
        decode = 1
        memAddr = 2
        memRead = 3
        memWriteBack = 4
        memWrite = 5
        execute = 6
        aluWriteBack = 7
        branch = 8
        jump = 9
        addIExecute = 10
        addIwriteBack = 11
        preFetch = 12
        jumpAndLinkRegister = 13
        jumpRegister = 14
        jumpAndLink = 15
        sw = 6'b101011
        lw = 6'b100011
        beq = 6'b000100
        jumps = 6'b000010
        rType = 6'b000000
        iType1 = 6'b001100
        iType2 = 6'b001101
        iType3 = 6'b001110
        iType4 = 6'b001111
        jumpAndLinkFunct = 6'b000011
        jumpAndLinkRegisterFunct = 6'b001001
        jumpRegisterFunct = 6'b001000
    Found 5-bit register for signal <state>.
    Found 16x6-bit Read Only RAM for signal <_n0925>
WARNING:Xst:737 - Found 1-bit latch for signal <INTFlag>. Latches may be generated from incomplete case or if statements. We do not recommend the use of latches in FPGA/CPLD designs, as they may lead to timing problems.
WARNING:Xst:737 - Found 1-bit latch for signal <NMIFlag>. Latches may be generated from incomplete case or if statements. We do not recommend the use of latches in FPGA/CPLD designs, as they may lead to timing problems.
WARNING:Xst:737 - Found 1-bit latch for signal <isInterrupted>. Latches may be generated from incomplete case or if statements. We do not recommend the use of latches in FPGA/CPLD designs, as they may lead to timing problems.
WARNING:Xst:737 - Found 1-bit latch for signal <nextstate<4>>. Latches may be generated from incomplete case or if statements. We do not recommend the use of latches in FPGA/CPLD designs, as they may lead to timing problems.
WARNING:Xst:737 - Found 1-bit latch for signal <nextstate<3>>. Latches may be generated from incomplete case or if statements. We do not recommend the use of latches in FPGA/CPLD designs, as they may lead to timing problems.
WARNING:Xst:737 - Found 1-bit latch for signal <nextstate<2>>. Latches may be generated from incomplete case or if statements. We do not recommend the use of latches in FPGA/CPLD designs, as they may lead to timing problems.
WARNING:Xst:737 - Found 1-bit latch for signal <nextstate<1>>. Latches may be generated from incomplete case or if statements. We do not recommend the use of latches in FPGA/CPLD designs, as they may lead to timing problems.
WARNING:Xst:737 - Found 1-bit latch for signal <nextstate<0>>. Latches may be generated from incomplete case or if statements. We do not recommend the use of latches in FPGA/CPLD designs, as they may lead to timing problems.
WARNING:Xst:737 - Found 1-bit latch for signal <INA>. Latches may be generated from incomplete case or if statements. We do not recommend the use of latches in FPGA/CPLD designs, as they may lead to timing problems.
WARNING:Xst:737 - Found 1-bit latch for signal <RegDst<1>>. Latches may be generated from incomplete case or if statements. We do not recommend the use of latches in FPGA/CPLD designs, as they may lead to timing problems.
WARNING:Xst:737 - Found 1-bit latch for signal <RegDst<0>>. Latches may be generated from incomplete case or if statements. We do not recommend the use of latches in FPGA/CPLD designs, as they may lead to timing problems.
WARNING:Xst:737 - Found 1-bit latch for signal <MemtoReg<1>>. Latches may be generated from incomplete case or if statements. We do not recommend the use of latches in FPGA/CPLD designs, as they may lead to timing problems.
WARNING:Xst:737 - Found 1-bit latch for signal <MemtoReg<0>>. Latches may be generated from incomplete case or if statements. We do not recommend the use of latches in FPGA/CPLD designs, as they may lead to timing problems.
WARNING:Xst:737 - Found 1-bit latch for signal <aluSrcA>. Latches may be generated from incomplete case or if statements. We do not recommend the use of latches in FPGA/CPLD designs, as they may lead to timing problems.
WARNING:Xst:737 - Found 1-bit latch for signal <lorD>. Latches may be generated from incomplete case or if statements. We do not recommend the use of latches in FPGA/CPLD designs, as they may lead to timing problems.
WARNING:Xst:737 - Found 1-bit latch for signal <IRWrite>. Latches may be generated from incomplete case or if statements. We do not recommend the use of latches in FPGA/CPLD designs, as they may lead to timing problems.
WARNING:Xst:737 - Found 1-bit latch for signal <aluSrcB<1>>. Latches may be generated from incomplete case or if statements. We do not recommend the use of latches in FPGA/CPLD designs, as they may lead to timing problems.
WARNING:Xst:737 - Found 1-bit latch for signal <aluSrcB<0>>. Latches may be generated from incomplete case or if statements. We do not recommend the use of latches in FPGA/CPLD designs, as they may lead to timing problems.
WARNING:Xst:737 - Found 1-bit latch for signal <aluOp<1>>. Latches may be generated from incomplete case or if statements. We do not recommend the use of latches in FPGA/CPLD designs, as they may lead to timing problems.
WARNING:Xst:737 - Found 1-bit latch for signal <aluOp<0>>. Latches may be generated from incomplete case or if statements. We do not recommend the use of latches in FPGA/CPLD designs, as they may lead to timing problems.
WARNING:Xst:737 - Found 1-bit latch for signal <pcWrite>. Latches may be generated from incomplete case or if statements. We do not recommend the use of latches in FPGA/CPLD designs, as they may lead to timing problems.
WARNING:Xst:737 - Found 1-bit latch for signal <PCSource<1>>. Latches may be generated from incomplete case or if statements. We do not recommend the use of latches in FPGA/CPLD designs, as they may lead to timing problems.
WARNING:Xst:737 - Found 1-bit latch for signal <PCSource<0>>. Latches may be generated from incomplete case or if statements. We do not recommend the use of latches in FPGA/CPLD designs, as they may lead to timing problems.
WARNING:Xst:737 - Found 1-bit latch for signal <RegWrite>. Latches may be generated from incomplete case or if statements. We do not recommend the use of latches in FPGA/CPLD designs, as they may lead to timing problems.
WARNING:Xst:737 - Found 1-bit latch for signal <MemWrite>. Latches may be generated from incomplete case or if statements. We do not recommend the use of latches in FPGA/CPLD designs, as they may lead to timing problems.
WARNING:Xst:737 - Found 1-bit latch for signal <isBranch>. Latches may be generated from incomplete case or if statements. We do not recommend the use of latches in FPGA/CPLD designs, as they may lead to timing problems.
    Found 1-bit tristate buffer for signal <aluControl<1>> created at line 372
    Found 1-bit tristate buffer for signal <aluControl<0>> created at line 372
    Summary:
	inferred   1 RAM(s).
	inferred   5 D-type flip-flop(s).
	inferred  26 Latch(s).
	inferred 102 Multiplexer(s).
	inferred   2 Tristate(s).
Unit <Controller> synthesized.

Synthesizing Unit <DataPath>.
    Related source file is "\\vboxsvr\sharedwithvm\Memari_Project\MemariProject\DataPath.v".
WARNING:Xst:647 - Input <aluSrcA<1:1>> is never used. This port will be preserved and left unconnected if it belongs to a top-level block or it belongs to a sub-block and the hierarchy of this sub-block is preserved.
WARNING:Xst:647 - Input <regWrite<1:1>> is never used. This port will be preserved and left unconnected if it belongs to a top-level block or it belongs to a sub-block and the hierarchy of this sub-block is preserved.
WARNING:Xst:737 - Found 1-bit latch for signal <pcOut<30>>. Latches may be generated from incomplete case or if statements. We do not recommend the use of latches in FPGA/CPLD designs, as they may lead to timing problems.
WARNING:Xst:737 - Found 1-bit latch for signal <pcOut<29>>. Latches may be generated from incomplete case or if statements. We do not recommend the use of latches in FPGA/CPLD designs, as they may lead to timing problems.
WARNING:Xst:737 - Found 1-bit latch for signal <pcOut<28>>. Latches may be generated from incomplete case or if statements. We do not recommend the use of latches in FPGA/CPLD designs, as they may lead to timing problems.
WARNING:Xst:737 - Found 1-bit latch for signal <pcOut<27>>. Latches may be generated from incomplete case or if statements. We do not recommend the use of latches in FPGA/CPLD designs, as they may lead to timing problems.
WARNING:Xst:737 - Found 1-bit latch for signal <pcOut<26>>. Latches may be generated from incomplete case or if statements. We do not recommend the use of latches in FPGA/CPLD designs, as they may lead to timing problems.
WARNING:Xst:737 - Found 1-bit latch for signal <pcOut<25>>. Latches may be generated from incomplete case or if statements. We do not recommend the use of latches in FPGA/CPLD designs, as they may lead to timing problems.
WARNING:Xst:737 - Found 1-bit latch for signal <pcOut<24>>. Latches may be generated from incomplete case or if statements. We do not recommend the use of latches in FPGA/CPLD designs, as they may lead to timing problems.
WARNING:Xst:737 - Found 1-bit latch for signal <pcOut<23>>. Latches may be generated from incomplete case or if statements. We do not recommend the use of latches in FPGA/CPLD designs, as they may lead to timing problems.
WARNING:Xst:737 - Found 1-bit latch for signal <pcOut<22>>. Latches may be generated from incomplete case or if statements. We do not recommend the use of latches in FPGA/CPLD designs, as they may lead to timing problems.
WARNING:Xst:737 - Found 1-bit latch for signal <pcOut<21>>. Latches may be generated from incomplete case or if statements. We do not recommend the use of latches in FPGA/CPLD designs, as they may lead to timing problems.
WARNING:Xst:737 - Found 1-bit latch for signal <pcOut<20>>. Latches may be generated from incomplete case or if statements. We do not recommend the use of latches in FPGA/CPLD designs, as they may lead to timing problems.
WARNING:Xst:737 - Found 1-bit latch for signal <pcOut<19>>. Latches may be generated from incomplete case or if statements. We do not recommend the use of latches in FPGA/CPLD designs, as they may lead to timing problems.
WARNING:Xst:737 - Found 1-bit latch for signal <pcOut<18>>. Latches may be generated from incomplete case or if statements. We do not recommend the use of latches in FPGA/CPLD designs, as they may lead to timing problems.
WARNING:Xst:737 - Found 1-bit latch for signal <pcOut<17>>. Latches may be generated from incomplete case or if statements. We do not recommend the use of latches in FPGA/CPLD designs, as they may lead to timing problems.
WARNING:Xst:737 - Found 1-bit latch for signal <pcOut<16>>. Latches may be generated from incomplete case or if statements. We do not recommend the use of latches in FPGA/CPLD designs, as they may lead to timing problems.
WARNING:Xst:737 - Found 1-bit latch for signal <pcOut<15>>. Latches may be generated from incomplete case or if statements. We do not recommend the use of latches in FPGA/CPLD designs, as they may lead to timing problems.
WARNING:Xst:737 - Found 1-bit latch for signal <pcOut<14>>. Latches may be generated from incomplete case or if statements. We do not recommend the use of latches in FPGA/CPLD designs, as they may lead to timing problems.
WARNING:Xst:737 - Found 1-bit latch for signal <pcOut<13>>. Latches may be generated from incomplete case or if statements. We do not recommend the use of latches in FPGA/CPLD designs, as they may lead to timing problems.
WARNING:Xst:737 - Found 1-bit latch for signal <pcOut<12>>. Latches may be generated from incomplete case or if statements. We do not recommend the use of latches in FPGA/CPLD designs, as they may lead to timing problems.
WARNING:Xst:737 - Found 1-bit latch for signal <pcOut<11>>. Latches may be generated from incomplete case or if statements. We do not recommend the use of latches in FPGA/CPLD designs, as they may lead to timing problems.
WARNING:Xst:737 - Found 1-bit latch for signal <pcOut<10>>. Latches may be generated from incomplete case or if statements. We do not recommend the use of latches in FPGA/CPLD designs, as they may lead to timing problems.
WARNING:Xst:737 - Found 1-bit latch for signal <pcOut<9>>. Latches may be generated from incomplete case or if statements. We do not recommend the use of latches in FPGA/CPLD designs, as they may lead to timing problems.
WARNING:Xst:737 - Found 1-bit latch for signal <pcOut<8>>. Latches may be generated from incomplete case or if statements. We do not recommend the use of latches in FPGA/CPLD designs, as they may lead to timing problems.
WARNING:Xst:737 - Found 1-bit latch for signal <pcOut<7>>. Latches may be generated from incomplete case or if statements. We do not recommend the use of latches in FPGA/CPLD designs, as they may lead to timing problems.
WARNING:Xst:737 - Found 1-bit latch for signal <pcOut<6>>. Latches may be generated from incomplete case or if statements. We do not recommend the use of latches in FPGA/CPLD designs, as they may lead to timing problems.
WARNING:Xst:737 - Found 1-bit latch for signal <pcOut<5>>. Latches may be generated from incomplete case or if statements. We do not recommend the use of latches in FPGA/CPLD designs, as they may lead to timing problems.
WARNING:Xst:737 - Found 1-bit latch for signal <pcOut<4>>. Latches may be generated from incomplete case or if statements. We do not recommend the use of latches in FPGA/CPLD designs, as they may lead to timing problems.
WARNING:Xst:737 - Found 1-bit latch for signal <pcOut<3>>. Latches may be generated from incomplete case or if statements. We do not recommend the use of latches in FPGA/CPLD designs, as they may lead to timing problems.
WARNING:Xst:737 - Found 1-bit latch for signal <pcOut<2>>. Latches may be generated from incomplete case or if statements. We do not recommend the use of latches in FPGA/CPLD designs, as they may lead to timing problems.
WARNING:Xst:737 - Found 1-bit latch for signal <pcOut<1>>. Latches may be generated from incomplete case or if statements. We do not recommend the use of latches in FPGA/CPLD designs, as they may lead to timing problems.
WARNING:Xst:737 - Found 1-bit latch for signal <pcOut<0>>. Latches may be generated from incomplete case or if statements. We do not recommend the use of latches in FPGA/CPLD designs, as they may lead to timing problems.
WARNING:Xst:737 - Found 1-bit latch for signal <pcOut<31>>. Latches may be generated from incomplete case or if statements. We do not recommend the use of latches in FPGA/CPLD designs, as they may lead to timing problems.
    Summary:
	inferred  32 Latch(s).
Unit <DataPath> synthesized.

Synthesizing Unit <Mux2>.
    Related source file is "\\vboxsvr\sharedwithvm\Memari_Project\MemariProject\Mux2.v".
    Summary:
	inferred   1 Multiplexer(s).
Unit <Mux2> synthesized.

Synthesizing Unit <Memory>.
    Related source file is "\\vboxsvr\sharedwithvm\Memari_Project\MemariProject\Memory.v".
WARNING:Xst:647 - Input <Address<31:12>> is never used. This port will be preserved and left unconnected if it belongs to a top-level block or it belongs to a sub-block and the hierarchy of this sub-block is preserved.
    Found 4096x32-bit single-port RAM <Mram_data> for signal <data>.
    Summary:
	inferred   1 RAM(s).
Unit <Memory> synthesized.

Synthesizing Unit <ShiftRegisterEnable>.
    Related source file is "\\vboxsvr\sharedwithvm\Memari_Project\MemariProject\ShiftRegisterEnable.v".
    Found 32-bit register for signal <dataOut>.
    Summary:
	inferred  32 D-type flip-flop(s).
Unit <ShiftRegisterEnable> synthesized.

Synthesizing Unit <ShiftRegister>.
    Related source file is "\\vboxsvr\sharedwithvm\Memari_Project\MemariProject\ShiftRegister.v".
    Found 32-bit register for signal <dataOut>.
    Summary:
	inferred  32 D-type flip-flop(s).
Unit <ShiftRegister> synthesized.

Synthesizing Unit <Mux4Fivebit>.
    Related source file is "\\vboxsvr\sharedwithvm\Memari_Project\MemariProject\Mux4Fivebit.v".
    Found 5-bit 4-to-1 multiplexer for signal <out> created at line 23.
    Summary:
	inferred   1 Multiplexer(s).
Unit <Mux4Fivebit> synthesized.

Synthesizing Unit <Mux4>.
    Related source file is "\\vboxsvr\sharedwithvm\Memari_Project\MemariProject\Mux4.v".
    Found 32-bit 4-to-1 multiplexer for signal <out> created at line 23.
    Summary:
	inferred   1 Multiplexer(s).
Unit <Mux4> synthesized.

Synthesizing Unit <SignExtend>.
    Related source file is "\\vboxsvr\sharedwithvm\Memari_Project\MemariProject\SignExtend.v".
    Summary:
	no macro.
Unit <SignExtend> synthesized.

Synthesizing Unit <Shifter2>.
    Related source file is "\\vboxsvr\sharedwithvm\Memari_Project\MemariProject\Shifter2.v".
WARNING:Xst:647 - Input <in<31:30>> is never used. This port will be preserved and left unconnected if it belongs to a top-level block or it belongs to a sub-block and the hierarchy of this sub-block is preserved.
    Summary:
	no macro.
Unit <Shifter2> synthesized.

Synthesizing Unit <RegFile>.
    Related source file is "\\vboxsvr\sharedwithvm\Memari_Project\MemariProject\RegFile.v".
    Found 32x32-bit dual-port RAM <Mram_regData> for signal <regData>.
    Summary:
	inferred   2 RAM(s).
Unit <RegFile> synthesized.

Synthesizing Unit <ALU>.
    Related source file is "\\vboxsvr\sharedwithvm\Memari_Project\MemariProject\ALU.v".
    Found 32-bit subtractor for signal <a[31]_b[31]_sub_4_OUT> created at line 37.
    Found 32-bit adder for signal <a[31]_b[31]_add_2_OUT> created at line 36.
    Found 32-bit 4-to-1 multiplexer for signal <result> created at line 33.
    Found 32-bit comparator equal for signal <zFlag> created at line 44
    Summary:
	inferred   1 Adder/Subtractor(s).
	inferred   1 Comparator(s).
	inferred   2 Multiplexer(s).
Unit <ALU> synthesized.

Synthesizing Unit <Shifte2New>.
    Related source file is "\\vboxsvr\sharedwithvm\Memari_Project\MemariProject\Shifte2New.v".
    Summary:
	no macro.
Unit <Shifte2New> synthesized.

=========================================================================
HDL Synthesis Report

Macro Statistics
# RAMs                                                 : 4
 16x6-bit single-port Read Only RAM                    : 1
 32x32-bit dual-port RAM                               : 2
 4096x32-bit single-port RAM                           : 1
# Adders/Subtractors                                   : 1
 32-bit addsub                                         : 1
# Registers                                            : 6
 32-bit register                                       : 5
 5-bit register                                        : 1
# Latches                                              : 58
 1-bit latch                                           : 58
# Comparators                                          : 1
 32-bit comparator equal                               : 1
# Multiplexers                                         : 111
 1-bit 2-to-1 multiplexer                              : 101
 32-bit 2-to-1 multiplexer                             : 5
 32-bit 4-to-1 multiplexer                             : 3
 5-bit 2-to-1 multiplexer                              : 1
 5-bit 4-to-1 multiplexer                              : 1
# Tristates                                            : 2
 1-bit tristate buffer                                 : 2
# Xors                                                 : 1
 32-bit xor2                                           : 1

=========================================================================
INFO:Xst:1767 - HDL ADVISOR - Resource sharing has identified that some arithmetic operations in this design can share the same physical resources for reduced device utilization. For improved clock frequency you may try to disable resource sharing.

=========================================================================
*                       Advanced HDL Synthesis                          *
=========================================================================


Synthesizing (advanced) Unit <Controller>.
INFO:Xst:3218 - HDL ADVISOR - The RAM <Mram__n0925> will be implemented on LUTs either because you have described an asynchronous read or because of currently unsupported block RAM features. If you have described an asynchronous read, making it synchronous would allow you to take advantage of available block RAM resources, for optimized device usage and improved timings. Please refer to your documentation for coding guidelines.
    -----------------------------------------------------------------------
    | ram_type           | Distributed                         |          |
    -----------------------------------------------------------------------
    | Port A                                                              |
    |     aspect ratio   | 16-word x 6-bit                     |          |
    |     weA            | connected to signal <GND>           | high     |
    |     addrA          | connected to signal <state<3:0>>    |          |
    |     diA            | connected to signal <GND>           |          |
    |     doA            | connected to internal node          |          |
    -----------------------------------------------------------------------
Unit <Controller> synthesized (advanced).

Synthesizing (advanced) Unit <DataPath>.
INFO:Xst:3226 - The RAM <regFile/Mram_regData> will be implemented as a BLOCK RAM, absorbing the following register(s): <aDataReg/dataOut>
    -----------------------------------------------------------------------
    | ram_type           | Block                               |          |
    -----------------------------------------------------------------------
    | Port A                                                              |
    |     aspect ratio   | 32-word x 32-bit                    |          |
    |     mode           | read-first                          |          |
    |     clkA           | connected to signal <clk>           | rise     |
    |     weA            | connected to signal <regWrite<0>>   | high     |
    |     addrA          | connected to signal <dstAdr>        |          |
    |     diA            | connected to signal <writeRegData>  |          |
    -----------------------------------------------------------------------
    | optimization       | speed                               |          |
    -----------------------------------------------------------------------
    | Port B                                                              |
    |     aspect ratio   | 32-word x 32-bit                    |          |
    |     mode           | read-first                          |          |
    |     clkB           | connected to signal <clk>           | rise     |
    |     addrB          | connected to signal <instr<25:21>>  |          |
    |     doB            | connected to signal <aData2>        |          |
    -----------------------------------------------------------------------
    | optimization       | speed                               |          |
    -----------------------------------------------------------------------
INFO:Xst:3226 - The RAM <regFile/Mram_regData1> will be implemented as a BLOCK RAM, absorbing the following register(s): <bDataReg/dataOut>
    -----------------------------------------------------------------------
    | ram_type           | Block                               |          |
    -----------------------------------------------------------------------
    | Port A                                                              |
    |     aspect ratio   | 32-word x 32-bit                    |          |
    |     mode           | read-first                          |          |
    |     clkA           | connected to signal <clk>           | rise     |
    |     weA            | connected to signal <regWrite<0>>   | high     |
    |     addrA          | connected to signal <dstAdr>        |          |
    |     diA            | connected to signal <writeRegData>  |          |
    -----------------------------------------------------------------------
    | optimization       | speed                               |          |
    -----------------------------------------------------------------------
    | Port B                                                              |
    |     aspect ratio   | 32-word x 32-bit                    |          |
    |     mode           | read-first                          |          |
    |     clkB           | connected to signal <clk>           | rise     |
    |     addrB          | connected to signal <instr<20:16>>  |          |
    |     doB            | connected to signal <writeData>     |          |
    -----------------------------------------------------------------------
    | optimization       | speed                               |          |
    -----------------------------------------------------------------------
Unit <DataPath> synthesized (advanced).

Synthesizing (advanced) Unit <Memory>.
INFO:Xst:3218 - HDL ADVISOR - The RAM <Mram_data> will be implemented on LUTs either because you have described an asynchronous read or because of currently unsupported block RAM features. If you have described an asynchronous read, making it synchronous would allow you to take advantage of available block RAM resources, for optimized device usage and improved timings. Please refer to your documentation for coding guidelines.
    -----------------------------------------------------------------------
    | ram_type           | Distributed                         |          |
    -----------------------------------------------------------------------
    | Port A                                                              |
    |     aspect ratio   | 4096-word x 32-bit                  |          |
    |     clkA           | connected to signal <clk>           | rise     |
    |     weA            | connected to signal <writeEnable>   | high     |
    |     addrA          | connected to signal <Address>       |          |
    |     diA            | connected to signal <writeData>     |          |
    |     doA            | connected to internal node          |          |
    -----------------------------------------------------------------------
Unit <Memory> synthesized (advanced).

=========================================================================
Advanced HDL Synthesis Report

Macro Statistics
# RAMs                                                 : 4
 16x6-bit single-port distributed Read Only RAM        : 1
 32x32-bit dual-port block RAM                         : 2
 4096x32-bit single-port distributed RAM               : 1
# Adders/Subtractors                                   : 1
 32-bit addsub                                         : 1
# Registers                                            : 101
 Flip-Flops                                            : 101
# Comparators                                          : 1
 32-bit comparator equal                               : 1
# Multiplexers                                         : 142
 1-bit 2-to-1 multiplexer                              : 101
 1-bit 4-to-1 multiplexer                              : 32
 32-bit 2-to-1 multiplexer                             : 5
 32-bit 4-to-1 multiplexer                             : 2
 5-bit 2-to-1 multiplexer                              : 1
 5-bit 4-to-1 multiplexer                              : 1
# Xors                                                 : 1
 32-bit xor2                                           : 1

=========================================================================

=========================================================================
*                         Low Level Synthesis                           *
=========================================================================
WARNING:Xst:1710 - FF/Latch <nextstate_4> (without init value) has a constant value of 0 in block <Controller>. This FF/Latch will be trimmed during the optimization process.
WARNING:Xst:1896 - Due to other FF/Latch trimming, FF/Latch <state_4> has a constant value of 0 in block <Controller>. This FF/Latch will be trimmed during the optimization process.
WARNING:Xst:2042 - Unit Controller: 2 internal tristates are replaced by logic (pull-up yes): aluControl<0>, aluControl<1>.

Optimizing unit <MultiCycleProccessor> ...

Optimizing unit <Controller> ...

Optimizing unit <DataPath> ...

Optimizing unit <ALU> ...

Mapping all equations...
Building and optimizing final netlist ...
Found area constraint ratio of 100 (+ 5) on block MultiCycleProccessor, actual ratio is 1.

Final Macro Processing ...

=========================================================================
Final Register Report

Macro Statistics
# Registers                                            : 100
 Flip-Flops                                            : 100

=========================================================================

=========================================================================
*                           Partition Report                            *
=========================================================================

Partition Implementation Status
-------------------------------

  No Partitions were found in this design.

-------------------------------

=========================================================================
*                            Design Summary                             *
=========================================================================

Top Level Output File Name         : MultiCycleProccessor.ngc

Primitive and Black Box Usage:
------------------------------
# BELS                             : 620
#      GND                         : 1
#      LUT2                        : 2
#      LUT3                        : 6
#      LUT4                        : 87
#      LUT5                        : 137
#      LUT6                        : 206
#      MUXCY                       : 42
#      MUXF7                       : 74
#      MUXF8                       : 32
#      VCC                         : 1
#      XORCY                       : 32
# FlipFlops/Latches                : 157
#      FD                          : 68
#      FDE                         : 32
#      LD                          : 56
#      LDE                         : 1
# RAMS                             : 514
#      RAM256X1S                   : 512
#      RAMB18E1                    : 2
# Clock Buffers                    : 2
#      BUFG                        : 1
#      BUFGP                       : 1
# IO Buffers                       : 4
#      IBUF                        : 3
#      OBUF                        : 1

Device utilization summary:
---------------------------

Selected Device : 7a100tcsg324-3 


Slice Logic Utilization: 
 Number of Slice Registers:             156  out of  126800     0%  
 Number of Slice LUTs:                 2486  out of  63400     3%  
    Number used as Logic:               438  out of  63400     0%  
    Number used as Memory:             2048  out of  19000    10%  
       Number used as RAM:             2048

Slice Logic Distribution: 
 Number of LUT Flip Flop pairs used:   2522
   Number with an unused Flip Flop:    2366  out of   2522    93%  
   Number with an unused LUT:            36  out of   2522     1%  
   Number of fully used LUT-FF pairs:   120  out of   2522     4%  
   Number of unique control sets:        19

IO Utilization: 
 Number of IOs:                           5
 Number of bonded IOBs:                   5  out of    210     2%  
    IOB Flip Flops/Latches:               1

Specific Feature Utilization:
 Number of Block RAM/FIFO:                1  out of    135     0%  
    Number using Block RAM only:          1
 Number of BUFG/BUFGCTRLs:                2  out of     32     6%  

---------------------------
Partition Resource Summary:
---------------------------

  No Partitions were found in this design.

---------------------------


=========================================================================
Timing Report

NOTE: THESE TIMING NUMBERS ARE ONLY A SYNTHESIS ESTIMATE.
      FOR ACCURATE TIMING INFORMATION PLEASE REFER TO THE TRACE REPORT
      GENERATED AFTER PLACE-and-ROUTE.

Clock Information:
------------------
--------------------------------------------------------------------------------------------+----------------------------------+-------+
Clock Signal                                                                                | Clock buffer(FF name)            | Load  |
--------------------------------------------------------------------------------------------+----------------------------------+-------+
controller/state[4]_GND_2_o_Select_121_o(controller/Mmux_state[4]_GND_2_o_Select_117_o122:O)| NONE(*)(controller/MemtoReg_0)   | 2     |
controller/_n0828(controller/_n08281:O)                                                     | NONE(*)(controller/PCSource_0)   | 2     |
controller/_n0424(controller/_n04241:O)                                                     | NONE(*)(controller/aluOp_0)      | 2     |
controller/_n0727(controller/_n07271:O)                                                     | NONE(*)(controller/aluSrcB_0)    | 3     |
controller/state[4]_GND_2_o_Select_117_o(controller/Mmux_state[4]_GND_2_o_Select_117_o11:O) | NONE(*)(controller/RegDst_0)     | 2     |
clk                                                                                         | BUFGP                            | 614   |
controller/state[4]_GND_2_o_Select_107_o(controller/Mmux_state[4]_GND_2_o_Select_107_o22:O) | NONE(*)(controller/nextstate_2)  | 4     |
controller/GND_2_o_GND_2_o_MUX_48_o(controller/Mmux_GND_2_o_GND_2_o_MUX_48_o11:O)           | NONE(*)(controller/NMIFlag)      | 1     |
controller/GND_2_o_GND_2_o_MUX_40_o(controller/Mmux_GND_2_o_GND_2_o_MUX_40_o11:O)           | NONE(*)(controller/INTFlag)      | 1     |
controller/_n0940(controller/_n09401:O)                                                     | NONE(*)(controller/INA)          | 1     |
controller/_n0863(controller/_n08631:O)                                                     | NONE(*)(controller/RegWrite)     | 1     |
controller/_n0425(controller/_n04251:O)                                                     | NONE(*)(controller/lorD)         | 1     |
controller/_n0428(controller/_n04281:O)                                                     | NONE(*)(controller/pcWrite)      | 1     |
controller/_n0427(controller/_n04271:O)                                                     | NONE(*)(controller/IRWrite)      | 1     |
controller/_n0389(controller/_n03891:O)                                                     | NONE(*)(controller/MemWrite)     | 1     |
controller/_n0426(controller/_n04261:O)                                                     | NONE(*)(controller/isBranch)     | 1     |
controller/state[4]_GND_2_o_Select_105_o(controller/state[4]_GND_2_o_Select_105_o1:O)       | NONE(*)(controller/isInterrupted)| 1     |
dataPath/pcEnable(dataPath/pcEnable1:O)                                                     | BUFG(*)(dataPath/pcOut_31)       | 32    |
--------------------------------------------------------------------------------------------+----------------------------------+-------+
(*) These 17 clock signal(s) are generated by combinatorial logic,
and XST is not able to identify which are the primary clock signals.
Please use the CLOCK_SIGNAL constraint to specify the clock signal(s) generated by combinatorial logic.
INFO:Xst:2169 - HDL ADVISOR - Some clock signals were not automatically buffered by XST with BUFG/BUFR resources. Please use the buffer_type constraint in order to insert these buffers to the clock signals to help prevent skew problems.

Asynchronous Control Signals Information:
----------------------------------------
No asynchronous control signals found in this design

Timing Summary:
---------------
Speed Grade: -3

   Minimum period: 4.765ns (Maximum Frequency: 209.853MHz)
   Minimum input arrival time before clock: 1.585ns
   Maximum output required time after clock: 0.751ns
   Maximum combinational path delay: No path found

Timing Details:
---------------
All values displayed in nanoseconds (ns)

=========================================================================
Timing constraint: Default period analysis for Clock 'controller/state[4]_GND_2_o_Select_121_o'
  Clock period: 1.232ns (frequency: 811.539MHz)
  Total number of paths / destination ports: 2 / 2
-------------------------------------------------------------------------
Delay:               1.232ns (Levels of Logic = 1)
  Source:            controller/MemtoReg_1 (LATCH)
  Destination:       controller/MemtoReg_1 (LATCH)
  Source Clock:      controller/state[4]_GND_2_o_Select_121_o falling
  Destination Clock: controller/state[4]_GND_2_o_Select_121_o falling

  Data Path: controller/MemtoReg_1 to controller/MemtoReg_1
                                Gate     Net
    Cell:in->out      fanout   Delay   Delay  Logical Name (Net Name)
    ----------------------------------------  ------------
     LD:G->Q              33   0.472   0.663  controller/MemtoReg_1 (controller/MemtoReg_1)
     LUT6:I2->O            1   0.097   0.000  controller/Mmux__n062511 (controller/_n0625)
     LD:D                     -0.028          controller/MemtoReg_1
    ----------------------------------------
    Total                      1.232ns (0.569ns logic, 0.663ns route)
                                       (46.2% logic, 53.8% route)

=========================================================================
Timing constraint: Default period analysis for Clock 'controller/state[4]_GND_2_o_Select_117_o'
  Clock period: 1.103ns (frequency: 906.290MHz)
  Total number of paths / destination ports: 2 / 2
-------------------------------------------------------------------------
Delay:               1.103ns (Levels of Logic = 1)
  Source:            controller/RegDst_1 (LATCH)
  Destination:       controller/RegDst_1 (LATCH)
  Source Clock:      controller/state[4]_GND_2_o_Select_117_o falling
  Destination Clock: controller/state[4]_GND_2_o_Select_117_o falling

  Data Path: controller/RegDst_1 to controller/RegDst_1
                                Gate     Net
    Cell:in->out      fanout   Delay   Delay  Logical Name (Net Name)
    ----------------------------------------  ------------
     LD:G->Q               6   0.472   0.534  controller/RegDst_1 (controller/RegDst_1)
     LUT6:I3->O            1   0.097   0.000  controller/Mmux__n028811 (controller/_n0288)
     LD:D                     -0.028          controller/RegDst_1
    ----------------------------------------
    Total                      1.103ns (0.569ns logic, 0.534ns route)
                                       (51.6% logic, 48.4% route)

=========================================================================
Timing constraint: Default period analysis for Clock 'clk'
  Clock period: 4.765ns (frequency: 209.853MHz)
  Total number of paths / destination ports: 16375 / 5300
-------------------------------------------------------------------------
Delay:               4.765ns (Levels of Logic = 37)
  Source:            dataPath/instructionReg/dataOut_5 (FF)
  Destination:       dataPath/aluOutReg/dataOut_31 (FF)
  Source Clock:      clk rising
  Destination Clock: clk rising

  Data Path: dataPath/instructionReg/dataOut_5 to dataPath/aluOutReg/dataOut_31
                                Gate     Net
    Cell:in->out      fanout   Delay   Delay  Logical Name (Net Name)
    ----------------------------------------  ------------
     FDE:C->Q              7   0.361   0.721  dataPath/instructionReg/dataOut_5 (dataPath/instructionReg/dataOut_5)
     LUT6:I0->O            1   0.097   0.295  controller/aluControl<0>LogicTrst1 (controller/aluControl<0>LogicTrst)
     LUT3:I2->O           71   0.097   0.392  controller/aluControl<0>LogicTrst2 (aluControl<0>)
     MUXF7:S->O            1   0.335   0.556  dataPath/srcBMux/Mmux_out110_SW2 (N8)
     LUT6:I2->O            1   0.097   0.000  dataPath/mainAlu/Mmux_result2_rs_lut<0> (dataPath/mainAlu/Mmux_result2_rs_lut<0>)
     MUXCY:S->O            1   0.353   0.000  dataPath/mainAlu/Mmux_result2_rs_cy<0> (dataPath/mainAlu/Mmux_result2_rs_cy<0>)
     MUXCY:CI->O           1   0.023   0.000  dataPath/mainAlu/Mmux_result2_rs_cy<1> (dataPath/mainAlu/Mmux_result2_rs_cy<1>)
     MUXCY:CI->O           1   0.023   0.000  dataPath/mainAlu/Mmux_result2_rs_cy<2> (dataPath/mainAlu/Mmux_result2_rs_cy<2>)
     MUXCY:CI->O           1   0.023   0.000  dataPath/mainAlu/Mmux_result2_rs_cy<3> (dataPath/mainAlu/Mmux_result2_rs_cy<3>)
     MUXCY:CI->O           1   0.023   0.000  dataPath/mainAlu/Mmux_result2_rs_cy<4> (dataPath/mainAlu/Mmux_result2_rs_cy<4>)
     MUXCY:CI->O           1   0.023   0.000  dataPath/mainAlu/Mmux_result2_rs_cy<5> (dataPath/mainAlu/Mmux_result2_rs_cy<5>)
     MUXCY:CI->O           1   0.023   0.000  dataPath/mainAlu/Mmux_result2_rs_cy<6> (dataPath/mainAlu/Mmux_result2_rs_cy<6>)
     MUXCY:CI->O           1   0.023   0.000  dataPath/mainAlu/Mmux_result2_rs_cy<7> (dataPath/mainAlu/Mmux_result2_rs_cy<7>)
     MUXCY:CI->O           1   0.023   0.000  dataPath/mainAlu/Mmux_result2_rs_cy<8> (dataPath/mainAlu/Mmux_result2_rs_cy<8>)
     MUXCY:CI->O           1   0.023   0.000  dataPath/mainAlu/Mmux_result2_rs_cy<9> (dataPath/mainAlu/Mmux_result2_rs_cy<9>)
     MUXCY:CI->O           1   0.023   0.000  dataPath/mainAlu/Mmux_result2_rs_cy<10> (dataPath/mainAlu/Mmux_result2_rs_cy<10>)
     MUXCY:CI->O           1   0.023   0.000  dataPath/mainAlu/Mmux_result2_rs_cy<11> (dataPath/mainAlu/Mmux_result2_rs_cy<11>)
     MUXCY:CI->O           1   0.023   0.000  dataPath/mainAlu/Mmux_result2_rs_cy<12> (dataPath/mainAlu/Mmux_result2_rs_cy<12>)
     MUXCY:CI->O           1   0.023   0.000  dataPath/mainAlu/Mmux_result2_rs_cy<13> (dataPath/mainAlu/Mmux_result2_rs_cy<13>)
     MUXCY:CI->O           1   0.023   0.000  dataPath/mainAlu/Mmux_result2_rs_cy<14> (dataPath/mainAlu/Mmux_result2_rs_cy<14>)
     MUXCY:CI->O           1   0.023   0.000  dataPath/mainAlu/Mmux_result2_rs_cy<15> (dataPath/mainAlu/Mmux_result2_rs_cy<15>)
     MUXCY:CI->O           1   0.023   0.000  dataPath/mainAlu/Mmux_result2_rs_cy<16> (dataPath/mainAlu/Mmux_result2_rs_cy<16>)
     MUXCY:CI->O           1   0.023   0.000  dataPath/mainAlu/Mmux_result2_rs_cy<17> (dataPath/mainAlu/Mmux_result2_rs_cy<17>)
     MUXCY:CI->O           1   0.023   0.000  dataPath/mainAlu/Mmux_result2_rs_cy<18> (dataPath/mainAlu/Mmux_result2_rs_cy<18>)
     MUXCY:CI->O           1   0.023   0.000  dataPath/mainAlu/Mmux_result2_rs_cy<19> (dataPath/mainAlu/Mmux_result2_rs_cy<19>)
     MUXCY:CI->O           1   0.023   0.000  dataPath/mainAlu/Mmux_result2_rs_cy<20> (dataPath/mainAlu/Mmux_result2_rs_cy<20>)
     MUXCY:CI->O           1   0.023   0.000  dataPath/mainAlu/Mmux_result2_rs_cy<21> (dataPath/mainAlu/Mmux_result2_rs_cy<21>)
     MUXCY:CI->O           1   0.023   0.000  dataPath/mainAlu/Mmux_result2_rs_cy<22> (dataPath/mainAlu/Mmux_result2_rs_cy<22>)
     MUXCY:CI->O           1   0.023   0.000  dataPath/mainAlu/Mmux_result2_rs_cy<23> (dataPath/mainAlu/Mmux_result2_rs_cy<23>)
     MUXCY:CI->O           1   0.023   0.000  dataPath/mainAlu/Mmux_result2_rs_cy<24> (dataPath/mainAlu/Mmux_result2_rs_cy<24>)
     MUXCY:CI->O           1   0.023   0.000  dataPath/mainAlu/Mmux_result2_rs_cy<25> (dataPath/mainAlu/Mmux_result2_rs_cy<25>)
     MUXCY:CI->O           1   0.023   0.000  dataPath/mainAlu/Mmux_result2_rs_cy<26> (dataPath/mainAlu/Mmux_result2_rs_cy<26>)
     MUXCY:CI->O           1   0.023   0.000  dataPath/mainAlu/Mmux_result2_rs_cy<27> (dataPath/mainAlu/Mmux_result2_rs_cy<27>)
     MUXCY:CI->O           1   0.023   0.000  dataPath/mainAlu/Mmux_result2_rs_cy<28> (dataPath/mainAlu/Mmux_result2_rs_cy<28>)
     MUXCY:CI->O           1   0.023   0.000  dataPath/mainAlu/Mmux_result2_rs_cy<29> (dataPath/mainAlu/Mmux_result2_rs_cy<29>)
     MUXCY:CI->O           0   0.023   0.000  dataPath/mainAlu/Mmux_result2_rs_cy<30> (dataPath/mainAlu/Mmux_result2_rs_cy<30>)
     XORCY:CI->O           1   0.370   0.295  dataPath/mainAlu/Mmux_result2_rs_xor<31> (dataPath/mainAlu/Mmux_result2_split<31>)
     LUT5:I4->O            2   0.097   0.000  dataPath/mainAlu/Mmux_result3251 (dataPath/aluResult<31>)
     FD:D                      0.008          dataPath/aluOutReg/dataOut_31
    ----------------------------------------
    Total                      4.765ns (2.505ns logic, 2.260ns route)
                                       (52.6% logic, 47.4% route)

=========================================================================
Timing constraint: Default period analysis for Clock 'dataPath/pcEnable'
  Clock period: 4.045ns (frequency: 247.243MHz)
  Total number of paths / destination ports: 1501 / 32
-------------------------------------------------------------------------
Delay:               4.045ns (Levels of Logic = 37)
  Source:            dataPath/pcOut_0 (LATCH)
  Destination:       dataPath/pcOut_31 (LATCH)
  Source Clock:      dataPath/pcEnable falling
  Destination Clock: dataPath/pcEnable falling

  Data Path: dataPath/pcOut_0 to dataPath/pcOut_31
                                Gate     Net
    Cell:in->out      fanout   Delay   Delay  Logical Name (Net Name)
    ----------------------------------------  ------------
     LD:G->Q              11   0.472   0.342  dataPath/pcOut_0 (dataPath/pcOut_0)
     LUT6:I5->O            1   0.097   0.000  dataPath/srcBMux/Mmux_out110_SW2_G (N21)
     MUXF7:I1->O           1   0.279   0.556  dataPath/srcBMux/Mmux_out110_SW2 (N8)
     LUT6:I2->O            1   0.097   0.000  dataPath/mainAlu/Mmux_result2_rs_lut<0> (dataPath/mainAlu/Mmux_result2_rs_lut<0>)
     MUXCY:S->O            1   0.353   0.000  dataPath/mainAlu/Mmux_result2_rs_cy<0> (dataPath/mainAlu/Mmux_result2_rs_cy<0>)
     MUXCY:CI->O           1   0.023   0.000  dataPath/mainAlu/Mmux_result2_rs_cy<1> (dataPath/mainAlu/Mmux_result2_rs_cy<1>)
     MUXCY:CI->O           1   0.023   0.000  dataPath/mainAlu/Mmux_result2_rs_cy<2> (dataPath/mainAlu/Mmux_result2_rs_cy<2>)
     MUXCY:CI->O           1   0.023   0.000  dataPath/mainAlu/Mmux_result2_rs_cy<3> (dataPath/mainAlu/Mmux_result2_rs_cy<3>)
     MUXCY:CI->O           1   0.023   0.000  dataPath/mainAlu/Mmux_result2_rs_cy<4> (dataPath/mainAlu/Mmux_result2_rs_cy<4>)
     MUXCY:CI->O           1   0.023   0.000  dataPath/mainAlu/Mmux_result2_rs_cy<5> (dataPath/mainAlu/Mmux_result2_rs_cy<5>)
     MUXCY:CI->O           1   0.023   0.000  dataPath/mainAlu/Mmux_result2_rs_cy<6> (dataPath/mainAlu/Mmux_result2_rs_cy<6>)
     MUXCY:CI->O           1   0.023   0.000  dataPath/mainAlu/Mmux_result2_rs_cy<7> (dataPath/mainAlu/Mmux_result2_rs_cy<7>)
     MUXCY:CI->O           1   0.023   0.000  dataPath/mainAlu/Mmux_result2_rs_cy<8> (dataPath/mainAlu/Mmux_result2_rs_cy<8>)
     MUXCY:CI->O           1   0.023   0.000  dataPath/mainAlu/Mmux_result2_rs_cy<9> (dataPath/mainAlu/Mmux_result2_rs_cy<9>)
     MUXCY:CI->O           1   0.023   0.000  dataPath/mainAlu/Mmux_result2_rs_cy<10> (dataPath/mainAlu/Mmux_result2_rs_cy<10>)
     MUXCY:CI->O           1   0.023   0.000  dataPath/mainAlu/Mmux_result2_rs_cy<11> (dataPath/mainAlu/Mmux_result2_rs_cy<11>)
     MUXCY:CI->O           1   0.023   0.000  dataPath/mainAlu/Mmux_result2_rs_cy<12> (dataPath/mainAlu/Mmux_result2_rs_cy<12>)
     MUXCY:CI->O           1   0.023   0.000  dataPath/mainAlu/Mmux_result2_rs_cy<13> (dataPath/mainAlu/Mmux_result2_rs_cy<13>)
     MUXCY:CI->O           1   0.023   0.000  dataPath/mainAlu/Mmux_result2_rs_cy<14> (dataPath/mainAlu/Mmux_result2_rs_cy<14>)
     MUXCY:CI->O           1   0.023   0.000  dataPath/mainAlu/Mmux_result2_rs_cy<15> (dataPath/mainAlu/Mmux_result2_rs_cy<15>)
     MUXCY:CI->O           1   0.023   0.000  dataPath/mainAlu/Mmux_result2_rs_cy<16> (dataPath/mainAlu/Mmux_result2_rs_cy<16>)
     MUXCY:CI->O           1   0.023   0.000  dataPath/mainAlu/Mmux_result2_rs_cy<17> (dataPath/mainAlu/Mmux_result2_rs_cy<17>)
     MUXCY:CI->O           1   0.023   0.000  dataPath/mainAlu/Mmux_result2_rs_cy<18> (dataPath/mainAlu/Mmux_result2_rs_cy<18>)
     MUXCY:CI->O           1   0.023   0.000  dataPath/mainAlu/Mmux_result2_rs_cy<19> (dataPath/mainAlu/Mmux_result2_rs_cy<19>)
     MUXCY:CI->O           1   0.023   0.000  dataPath/mainAlu/Mmux_result2_rs_cy<20> (dataPath/mainAlu/Mmux_result2_rs_cy<20>)
     MUXCY:CI->O           1   0.023   0.000  dataPath/mainAlu/Mmux_result2_rs_cy<21> (dataPath/mainAlu/Mmux_result2_rs_cy<21>)
     MUXCY:CI->O           1   0.023   0.000  dataPath/mainAlu/Mmux_result2_rs_cy<22> (dataPath/mainAlu/Mmux_result2_rs_cy<22>)
     MUXCY:CI->O           1   0.023   0.000  dataPath/mainAlu/Mmux_result2_rs_cy<23> (dataPath/mainAlu/Mmux_result2_rs_cy<23>)
     MUXCY:CI->O           1   0.023   0.000  dataPath/mainAlu/Mmux_result2_rs_cy<24> (dataPath/mainAlu/Mmux_result2_rs_cy<24>)
     MUXCY:CI->O           1   0.023   0.000  dataPath/mainAlu/Mmux_result2_rs_cy<25> (dataPath/mainAlu/Mmux_result2_rs_cy<25>)
     MUXCY:CI->O           1   0.023   0.000  dataPath/mainAlu/Mmux_result2_rs_cy<26> (dataPath/mainAlu/Mmux_result2_rs_cy<26>)
     MUXCY:CI->O           1   0.023   0.000  dataPath/mainAlu/Mmux_result2_rs_cy<27> (dataPath/mainAlu/Mmux_result2_rs_cy<27>)
     MUXCY:CI->O           1   0.023   0.000  dataPath/mainAlu/Mmux_result2_rs_cy<28> (dataPath/mainAlu/Mmux_result2_rs_cy<28>)
     MUXCY:CI->O           1   0.023   0.000  dataPath/mainAlu/Mmux_result2_rs_cy<29> (dataPath/mainAlu/Mmux_result2_rs_cy<29>)
     MUXCY:CI->O           0   0.023   0.000  dataPath/mainAlu/Mmux_result2_rs_cy<30> (dataPath/mainAlu/Mmux_result2_rs_cy<30>)
     XORCY:CI->O           1   0.370   0.295  dataPath/mainAlu/Mmux_result2_rs_xor<31> (dataPath/mainAlu/Mmux_result2_split<31>)
     LUT5:I4->O            2   0.097   0.299  dataPath/mainAlu/Mmux_result3251 (dataPath/aluResult<31>)
     LUT6:I5->O            1   0.097   0.000  dataPath/pcBrachMux/Mmux_out251 (dataPath/pcIn<31>)
     LD:D                     -0.028          dataPath/pcOut_31
    ----------------------------------------
    Total                      4.045ns (2.552ns logic, 1.493ns route)
                                       (63.1% logic, 36.9% route)

=========================================================================
Timing constraint: Default OFFSET IN BEFORE for Clock 'controller/state[4]_GND_2_o_Select_121_o'
  Total number of paths / destination ports: 4 / 2
-------------------------------------------------------------------------
Offset:              1.286ns (Levels of Logic = 3)
  Source:            NMI (PAD)
  Destination:       controller/MemtoReg_0 (LATCH)
  Destination Clock: controller/state[4]_GND_2_o_Select_121_o falling

  Data Path: NMI to controller/MemtoReg_0
                                Gate     Net
    Cell:in->out      fanout   Delay   Delay  Logical Name (Net Name)
    ----------------------------------------  ------------
     IBUF:I->O             5   0.001   0.530  NMI_IBUF (NMI_IBUF)
     LUT3:I0->O            2   0.097   0.561  controller/Mmux__n0691121 (controller/Mmux__n069112)
     LUT6:I2->O            1   0.097   0.000  controller/Mmux__n069111 (controller/_n0691)
     LD:D                     -0.028          controller/MemtoReg_0
    ----------------------------------------
    Total                      1.286ns (0.195ns logic, 1.091ns route)
                                       (15.2% logic, 84.8% route)

=========================================================================
Timing constraint: Default OFFSET IN BEFORE for Clock 'controller/state[4]_GND_2_o_Select_117_o'
  Total number of paths / destination ports: 4 / 2
-------------------------------------------------------------------------
Offset:              1.149ns (Levels of Logic = 3)
  Source:            INTD (PAD)
  Destination:       controller/RegDst_1 (LATCH)
  Destination Clock: controller/state[4]_GND_2_o_Select_117_o falling

  Data Path: INTD to controller/RegDst_1
                                Gate     Net
    Cell:in->out      fanout   Delay   Delay  Logical Name (Net Name)
    ----------------------------------------  ------------
     IBUF:I->O             4   0.001   0.393  INTD_IBUF (INTD_IBUF)
     LUT3:I1->O            2   0.097   0.561  controller/Mmux__n02881111 (controller/Mmux__n0288111)
     LUT6:I2->O            1   0.097   0.000  controller/Mmux__n028811 (controller/_n0288)
     LD:D                     -0.028          controller/RegDst_1
    ----------------------------------------
    Total                      1.149ns (0.195ns logic, 0.954ns route)
                                       (17.0% logic, 83.0% route)

=========================================================================
Timing constraint: Default OFFSET IN BEFORE for Clock 'controller/_n0940'
  Total number of paths / destination ports: 3 / 1
-------------------------------------------------------------------------
Offset:              0.795ns (Levels of Logic = 2)
  Source:            INTD (PAD)
  Destination:       controller/INA (LATCH)
  Destination Clock: controller/_n0940 falling

  Data Path: INTD to controller/INA
                                Gate     Net
    Cell:in->out      fanout   Delay   Delay  Logical Name (Net Name)
    ----------------------------------------  ------------
     IBUF:I->O             4   0.001   0.697  INTD_IBUF (INTD_IBUF)
     LUT5:I0->O            1   0.097   0.000  controller/Mmux_INA_GND_2_o_MUX_124_o11 (controller/INA_GND_2_o_MUX_124_o)
     LDE:D                    -0.028          controller/INA
    ----------------------------------------
    Total                      0.795ns (0.098ns logic, 0.697ns route)
                                       (12.3% logic, 87.7% route)

=========================================================================
Timing constraint: Default OFFSET IN BEFORE for Clock 'controller/state[4]_GND_2_o_Select_105_o'
  Total number of paths / destination ports: 3 / 1
-------------------------------------------------------------------------
Offset:              1.585ns (Levels of Logic = 3)
  Source:            INTD (PAD)
  Destination:       controller/isInterrupted (LATCH)
  Destination Clock: controller/state[4]_GND_2_o_Select_105_o falling

  Data Path: INTD to controller/isInterrupted
                                Gate     Net
    Cell:in->out      fanout   Delay   Delay  Logical Name (Net Name)
    ----------------------------------------  ------------
     IBUF:I->O             4   0.001   0.697  INTD_IBUF (INTD_IBUF)
     LUT5:I0->O            3   0.097   0.693  controller/Mmux_state[4]_GND_2_o_Select_117_o1211 (controller/Mmux_state[4]_GND_2_o_Select_117_o121)
     LUT5:I0->O            1   0.097   0.000  controller/state[4]_isInterrupted_Select_104_o1 (controller/state[4]_isInterrupted_Select_104_o)
     LD:D                     -0.028          controller/isInterrupted
    ----------------------------------------
    Total                      1.585ns (0.195ns logic, 1.390ns route)
                                       (12.3% logic, 87.7% route)

=========================================================================
Timing constraint: Default OFFSET OUT AFTER for Clock 'controller/_n0940'
  Total number of paths / destination ports: 1 / 1
-------------------------------------------------------------------------
Offset:              0.751ns (Levels of Logic = 1)
  Source:            controller/INA (LATCH)
  Destination:       INA (PAD)
  Source Clock:      controller/_n0940 falling

  Data Path: controller/INA to INA
                                Gate     Net
    Cell:in->out      fanout   Delay   Delay  Logical Name (Net Name)
    ----------------------------------------  ------------
     LDE:G->Q              1   0.472   0.279  controller/INA (controller/INA)
     OBUF:I->O                 0.000          INA_OBUF (INA)
    ----------------------------------------
    Total                      0.751ns (0.472ns logic, 0.279ns route)
                                       (62.8% logic, 37.2% route)

=========================================================================

Cross Clock Domains Report:
--------------------------

Clock to Setup on destination clock clk
----------------------------------------+---------+---------+---------+---------+
                                        | Src:Rise| Src:Fall| Src:Rise| Src:Fall|
Source Clock                            |Dest:Rise|Dest:Rise|Dest:Fall|Dest:Fall|
----------------------------------------+---------+---------+---------+---------+
clk                                     |    4.765|         |         |         |
controller/_n0389                       |         |    2.115|         |         |
controller/_n0424                       |         |    4.278|         |         |
controller/_n0425                       |         |    2.874|         |         |
controller/_n0427                       |         |    0.953|         |         |
controller/_n0727                       |         |    4.117|         |         |
controller/_n0863                       |         |    0.909|         |         |
controller/state[4]_GND_2_o_Select_105_o|         |    4.079|         |         |
controller/state[4]_GND_2_o_Select_107_o|         |    0.759|         |         |
controller/state[4]_GND_2_o_Select_117_o|         |    2.001|         |         |
controller/state[4]_GND_2_o_Select_121_o|         |    1.840|         |         |
dataPath/pcEnable                       |         |    3.656|         |         |
----------------------------------------+---------+---------+---------+---------+

Clock to Setup on destination clock controller/GND_2_o_GND_2_o_MUX_40_o
---------------+---------+---------+---------+---------+
               | Src:Rise| Src:Fall| Src:Rise| Src:Fall|
Source Clock   |Dest:Rise|Dest:Rise|Dest:Fall|Dest:Fall|
---------------+---------+---------+---------+---------+
clk            |         |         |    1.123|         |
---------------+---------+---------+---------+---------+

Clock to Setup on destination clock controller/GND_2_o_GND_2_o_MUX_48_o
---------------+---------+---------+---------+---------+
               | Src:Rise| Src:Fall| Src:Rise| Src:Fall|
Source Clock   |Dest:Rise|Dest:Rise|Dest:Fall|Dest:Fall|
---------------+---------+---------+---------+---------+
clk            |         |         |    1.123|         |
---------------+---------+---------+---------+---------+

Clock to Setup on destination clock controller/_n0389
---------------+---------+---------+---------+---------+
               | Src:Rise| Src:Fall| Src:Rise| Src:Fall|
Source Clock   |Dest:Rise|Dest:Rise|Dest:Fall|Dest:Fall|
---------------+---------+---------+---------+---------+
clk            |         |         |    1.122|         |
---------------+---------+---------+---------+---------+

Clock to Setup on destination clock controller/_n0424
---------------+---------+---------+---------+---------+
               | Src:Rise| Src:Fall| Src:Rise| Src:Fall|
Source Clock   |Dest:Rise|Dest:Rise|Dest:Fall|Dest:Fall|
---------------+---------+---------+---------+---------+
clk            |         |         |    1.123|         |
---------------+---------+---------+---------+---------+

Clock to Setup on destination clock controller/_n0425
---------------+---------+---------+---------+---------+
               | Src:Rise| Src:Fall| Src:Rise| Src:Fall|
Source Clock   |Dest:Rise|Dest:Rise|Dest:Fall|Dest:Fall|
---------------+---------+---------+---------+---------+
clk            |         |         |    1.122|         |
---------------+---------+---------+---------+---------+

Clock to Setup on destination clock controller/_n0426
---------------+---------+---------+---------+---------+
               | Src:Rise| Src:Fall| Src:Rise| Src:Fall|
Source Clock   |Dest:Rise|Dest:Rise|Dest:Fall|Dest:Fall|
---------------+---------+---------+---------+---------+
clk            |         |         |    1.122|         |
---------------+---------+---------+---------+---------+

Clock to Setup on destination clock controller/_n0427
---------------+---------+---------+---------+---------+
               | Src:Rise| Src:Fall| Src:Rise| Src:Fall|
Source Clock   |Dest:Rise|Dest:Rise|Dest:Fall|Dest:Fall|
---------------+---------+---------+---------+---------+
clk            |         |         |    1.122|         |
---------------+---------+---------+---------+---------+

Clock to Setup on destination clock controller/_n0428
---------------+---------+---------+---------+---------+
               | Src:Rise| Src:Fall| Src:Rise| Src:Fall|
Source Clock   |Dest:Rise|Dest:Rise|Dest:Fall|Dest:Fall|
---------------+---------+---------+---------+---------+
clk            |         |         |    1.123|         |
---------------+---------+---------+---------+---------+

Clock to Setup on destination clock controller/_n0727
---------------+---------+---------+---------+---------+
               | Src:Rise| Src:Fall| Src:Rise| Src:Fall|
Source Clock   |Dest:Rise|Dest:Rise|Dest:Fall|Dest:Fall|
---------------+---------+---------+---------+---------+
clk            |         |         |    1.122|         |
---------------+---------+---------+---------+---------+

Clock to Setup on destination clock controller/_n0828
---------------+---------+---------+---------+---------+
               | Src:Rise| Src:Fall| Src:Rise| Src:Fall|
Source Clock   |Dest:Rise|Dest:Rise|Dest:Fall|Dest:Fall|
---------------+---------+---------+---------+---------+
clk            |         |         |    1.122|         |
---------------+---------+---------+---------+---------+

Clock to Setup on destination clock controller/_n0863
---------------+---------+---------+---------+---------+
               | Src:Rise| Src:Fall| Src:Rise| Src:Fall|
Source Clock   |Dest:Rise|Dest:Rise|Dest:Fall|Dest:Fall|
---------------+---------+---------+---------+---------+
clk            |         |         |    1.122|         |
---------------+---------+---------+---------+---------+

Clock to Setup on destination clock controller/_n0940
-----------------------------------+---------+---------+---------+---------+
                                   | Src:Rise| Src:Fall| Src:Rise| Src:Fall|
Source Clock                       |Dest:Rise|Dest:Rise|Dest:Fall|Dest:Fall|
-----------------------------------+---------+---------+---------+---------+
controller/GND_2_o_GND_2_o_MUX_40_o|         |         |    0.868|         |
controller/GND_2_o_GND_2_o_MUX_48_o|         |         |    1.094|         |
-----------------------------------+---------+---------+---------+---------+

Clock to Setup on destination clock controller/state[4]_GND_2_o_Select_105_o
-----------------------------------+---------+---------+---------+---------+
                                   | Src:Rise| Src:Fall| Src:Rise| Src:Fall|
Source Clock                       |Dest:Rise|Dest:Rise|Dest:Fall|Dest:Fall|
-----------------------------------+---------+---------+---------+---------+
clk                                |         |         |    1.122|         |
controller/GND_2_o_GND_2_o_MUX_40_o|         |         |    1.875|         |
controller/GND_2_o_GND_2_o_MUX_48_o|         |         |    1.752|         |
-----------------------------------+---------+---------+---------+---------+

Clock to Setup on destination clock controller/state[4]_GND_2_o_Select_107_o
---------------+---------+---------+---------+---------+
               | Src:Rise| Src:Fall| Src:Rise| Src:Fall|
Source Clock   |Dest:Rise|Dest:Rise|Dest:Fall|Dest:Fall|
---------------+---------+---------+---------+---------+
clk            |         |         |    2.234|         |
---------------+---------+---------+---------+---------+

Clock to Setup on destination clock controller/state[4]_GND_2_o_Select_117_o
----------------------------------------+---------+---------+---------+---------+
                                        | Src:Rise| Src:Fall| Src:Rise| Src:Fall|
Source Clock                            |Dest:Rise|Dest:Rise|Dest:Fall|Dest:Fall|
----------------------------------------+---------+---------+---------+---------+
clk                                     |         |         |    1.259|         |
controller/GND_2_o_GND_2_o_MUX_48_o     |         |         |    1.752|         |
controller/state[4]_GND_2_o_Select_117_o|         |         |    1.103|         |
----------------------------------------+---------+---------+---------+---------+

Clock to Setup on destination clock controller/state[4]_GND_2_o_Select_121_o
----------------------------------------+---------+---------+---------+---------+
                                        | Src:Rise| Src:Fall| Src:Rise| Src:Fall|
Source Clock                            |Dest:Rise|Dest:Rise|Dest:Fall|Dest:Fall|
----------------------------------------+---------+---------+---------+---------+
clk                                     |         |         |    1.260|         |
controller/GND_2_o_GND_2_o_MUX_48_o     |         |         |    1.707|         |
controller/state[4]_GND_2_o_Select_121_o|         |         |    1.232|         |
----------------------------------------+---------+---------+---------+---------+

Clock to Setup on destination clock dataPath/pcEnable
----------------------------------------+---------+---------+---------+---------+
                                        | Src:Rise| Src:Fall| Src:Rise| Src:Fall|
Source Clock                            |Dest:Rise|Dest:Rise|Dest:Fall|Dest:Fall|
----------------------------------------+---------+---------+---------+---------+
clk                                     |         |         |    5.154|         |
controller/_n0424                       |         |         |    4.667|         |
controller/_n0727                       |         |         |    4.506|         |
controller/_n0828                       |         |         |    1.232|         |
controller/state[4]_GND_2_o_Select_105_o|         |         |    4.468|         |
dataPath/pcEnable                       |         |         |    4.045|         |
----------------------------------------+---------+---------+---------+---------+

=========================================================================


Total REAL time to Xst completion: 22.00 secs
Total CPU time to Xst completion: 21.62 secs
 
--> 

Total memory usage is 237476 kilobytes

Number of errors   :    0 (   0 filtered)
Number of warnings :   79 (   0 filtered)
Number of infos    :    6 (   0 filtered)

